<?xml version="1.0" encoding="UTF-8"?>
<testsuite name="io.moniepoint.AppTest" tests="1" skipped="0" failures="0" errors="0" timestamp="2025-02-07T11:17:25" hostname="muteswa-ThinkPad-T480s" time="0.018">
  <properties/>
  <testcase name="appHasAGreeting()" classname="io.moniepoint.AppTest" time="0.018"/>
  <system-out><![CDATA[]]></system-out>
  <system-err><![CDATA[]]></system-err>
</testsuite>
